/!\ FAILSAFE /!\  Wed Oct 14 22:47:03 -0400 2009
  Status: 500 Internal Server Error
  no such file to load -- sqlite3
    /usr/lib/ruby/site_ruby/1.8/rubygems/custom_require.rb:31:in `gem_original_require'
    /usr/lib/ruby/site_ruby/1.8/rubygems/custom_require.rb:31:in `require'
    /home/brian/.gem/ruby/1.8/gems/activesupport-2.3.4/lib/active_support/dependencies.rb:156:in `require'
    /home/brian/.gem/ruby/1.8/gems/activesupport-2.3.4/lib/active_support/dependencies.rb:521:in `new_constants_in'
    /home/brian/.gem/ruby/1.8/gems/activesupport-2.3.4/lib/active_support/dependencies.rb:156:in `require'
    /home/brian/.gem/ruby/1.8/gems/activesupport-2.3.4/lib/active_support/core_ext/kernel/requires.rb:7:in `require_library_or_gem'
    /home/brian/.gem/ruby/1.8/gems/activesupport-2.3.4/lib/active_support/core_ext/kernel/reporting.rb:11:in `silence_warnings'
    /home/brian/.gem/ruby/1.8/gems/activesupport-2.3.4/lib/active_support/core_ext/kernel/requires.rb:5:in `require_library_or_gem'
    /home/brian/.gem/ruby/1.8/gems/activerecord-2.3.4/lib/active_record/connection_adapters/sqlite3_adapter.rb:10:in `sqlite3_connection'
    /home/brian/.gem/ruby/1.8/gems/activerecord-2.3.4/lib/active_record/connection_adapters/abstract/connection_pool.rb:223:in `send'
    /home/brian/.gem/ruby/1.8/gems/activerecord-2.3.4/lib/active_record/connection_adapters/abstract/connection_pool.rb:223:in `new_connection'
    /home/brian/.gem/ruby/1.8/gems/activerecord-2.3.4/lib/active_record/connection_adapters/abstract/connection_pool.rb:245:in `checkout_new_connection'
    /home/brian/.gem/ruby/1.8/gems/activerecord-2.3.4/lib/active_record/connection_adapters/abstract/connection_pool.rb:188:in `checkout'
    /home/brian/.gem/ruby/1.8/gems/activerecord-2.3.4/lib/active_record/connection_adapters/abstract/connection_pool.rb:184:in `loop'
    /home/brian/.gem/ruby/1.8/gems/activerecord-2.3.4/lib/active_record/connection_adapters/abstract/connection_pool.rb:184:in `checkout'
    /usr/lib/ruby/1.8/monitor.rb:242:in `synchronize'
    /home/brian/.gem/ruby/1.8/gems/activerecord-2.3.4/lib/active_record/connection_adapters/abstract/connection_pool.rb:183:in `checkout'
    /home/brian/.gem/ruby/1.8/gems/activerecord-2.3.4/lib/active_record/connection_adapters/abstract/connection_pool.rb:98:in `connection'
    /home/brian/.gem/ruby/1.8/gems/activerecord-2.3.4/lib/active_record/connection_adapters/abstract/connection_pool.rb:326:in `retrieve_connection'
    /home/brian/.gem/ruby/1.8/gems/activerecord-2.3.4/lib/active_record/connection_adapters/abstract/connection_specification.rb:123:in `retrieve_connection'
    /home/brian/.gem/ruby/1.8/gems/activerecord-2.3.4/lib/active_record/connection_adapters/abstract/connection_specification.rb:115:in `connection'
    /home/brian/.gem/ruby/1.8/gems/activerecord-2.3.4/lib/active_record/query_cache.rb:9:in `cache'
    /home/brian/.gem/ruby/1.8/gems/activerecord-2.3.4/lib/active_record/query_cache.rb:28:in `call'
    /home/brian/.gem/ruby/1.8/gems/activerecord-2.3.4/lib/active_record/connection_adapters/abstract/connection_pool.rb:361:in `call'
    /usr/lib/ruby/gems/1.8/gems/rack-1.0.0/lib/rack/head.rb:9:in `call'
    /usr/lib/ruby/gems/1.8/gems/rack-1.0.0/lib/rack/methodoverride.rb:24:in `call'
    /usr/lib/ruby/gems/1.8/gems/actionpack-2.3.4/lib/action_controller/params_parser.rb:15:in `call'
    /usr/lib/ruby/gems/1.8/gems/actionpack-2.3.4/lib/action_controller/session/cookie_store.rb:93:in `call'
    /usr/lib/ruby/gems/1.8/gems/actionpack-2.3.4/lib/action_controller/failsafe.rb:26:in `call'
    /usr/lib/ruby/gems/1.8/gems/rack-1.0.0/lib/rack/lock.rb:11:in `call'
    /usr/lib/ruby/gems/1.8/gems/rack-1.0.0/lib/rack/lock.rb:11:in `synchronize'
    /usr/lib/ruby/gems/1.8/gems/rack-1.0.0/lib/rack/lock.rb:11:in `call'
    /usr/lib/ruby/gems/1.8/gems/actionpack-2.3.4/lib/action_controller/dispatcher.rb:114:in `call'
    /usr/lib/ruby/gems/1.8/gems/actionpack-2.3.4/lib/action_controller/reloader.rb:34:in `run'
    /usr/lib/ruby/gems/1.8/gems/actionpack-2.3.4/lib/action_controller/dispatcher.rb:108:in `call'
    /usr/lib/ruby/gems/1.8/gems/rails-2.3.4/lib/rails/rack/static.rb:31:in `call'
    /usr/lib/ruby/gems/1.8/gems/rack-1.0.0/lib/rack/urlmap.rb:46:in `call'
    /usr/lib/ruby/gems/1.8/gems/rack-1.0.0/lib/rack/urlmap.rb:40:in `each'
    /usr/lib/ruby/gems/1.8/gems/rack-1.0.0/lib/rack/urlmap.rb:40:in `call'
    /usr/lib/ruby/gems/1.8/gems/rails-2.3.4/lib/rails/rack/log_tailer.rb:17:in `call'
    /usr/lib/ruby/gems/1.8/gems/rack-1.0.0/lib/rack/content_length.rb:13:in `call'
    /usr/lib/ruby/gems/1.8/gems/rack-1.0.0/lib/rack/handler/webrick.rb:46:in `service'
    /usr/lib/ruby/1.8/webrick/httpserver.rb:104:in `service'
    /usr/lib/ruby/1.8/webrick/httpserver.rb:65:in `run'
    /usr/lib/ruby/1.8/webrick/server.rb:173:in `start_thread'
    /usr/lib/ruby/1.8/webrick/server.rb:162:in `start'
    /usr/lib/ruby/1.8/webrick/server.rb:162:in `start_thread'
    /usr/lib/ruby/1.8/webrick/server.rb:95:in `start'
    /usr/lib/ruby/1.8/webrick/server.rb:92:in `each'
    /usr/lib/ruby/1.8/webrick/server.rb:92:in `start'
    /usr/lib/ruby/1.8/webrick/server.rb:23:in `start'
    /usr/lib/ruby/1.8/webrick/server.rb:82:in `start'
    /usr/lib/ruby/gems/1.8/gems/rack-1.0.0/lib/rack/handler/webrick.rb:13:in `run'
    /usr/lib/ruby/gems/1.8/gems/rails-2.3.4/lib/commands/server.rb:111
    /usr/lib/ruby/site_ruby/1.8/rubygems/custom_require.rb:31:in `gem_original_require'
    /usr/lib/ruby/site_ruby/1.8/rubygems/custom_require.rb:31:in `require'
    script/server:3
  [4;36;1mSQL (103.8ms)[0m   [0;1mSET NAMES 'utf8'[0m
  [4;35;1mSQL (61.6ms)[0m   [0mSET SQL_AUTO_IS_NULL=0[0m
  [4;36;1mSQL (59.9ms)[0m   [0;1mSHOW VARIABLES LIKE 'character_set_database'[0m
  [4;36;1mSQL (0.4ms)[0m   [0;1mSET NAMES 'utf8'[0m
  [4;35;1mSQL (0.3ms)[0m   [0mSET SQL_AUTO_IS_NULL=0[0m
  [4;36;1mSQL (1.7ms)[0m   [0;1mSHOW VARIABLES LIKE 'collation_database'[0m
  [4;36;1mSQL (0.5ms)[0m   [0;1mSET NAMES 'utf8'[0m
  [4;35;1mSQL (0.3ms)[0m   [0mSET SQL_AUTO_IS_NULL=0[0m
  [4;36;1mSQL (1.0ms)[0m   [0;1mSHOW TABLES[0m
  [4;36;1mSQL (0.4ms)[0m   [0;1mSET NAMES 'utf8'[0m
  [4;35;1mSQL (0.3ms)[0m   [0mSET SQL_AUTO_IS_NULL=0[0m
  [4;36;1mSQL (1.0ms)[0m   [0;1mSHOW TABLES[0m
  [4;35;1mSQL (399.5ms)[0m   [0mCREATE TABLE `schema_migrations` (`version` varchar(255) NOT NULL) ENGINE=InnoDB[0m
  [4;36;1mSQL (283.7ms)[0m   [0;1mCREATE UNIQUE INDEX `unique_schema_migrations` ON `schema_migrations` (`version`)[0m
  [4;35;1mSQL (1.0ms)[0m   [0mSHOW TABLES[0m
  [4;36;1mSQL (1.0ms)[0m   [0;1mSHOW TABLES[0m
  [4;35;1mSQL (1.1ms)[0m   [0mSELECT version FROM schema_migrations[0m
  [4;36;1mSQL (1.0ms)[0m   [0;1mSHOW TABLES[0m
  [4;36;1mSQL (0.4ms)[0m   [0;1mSET NAMES 'utf8'[0m
  [4;35;1mSQL (0.3ms)[0m   [0mSET SQL_AUTO_IS_NULL=0[0m
  [4;36;1mSQL (1.1ms)[0m   [0;1mSHOW TABLES[0m
  [4;35;1mSQL (0.8ms)[0m   [0mSELECT version FROM schema_migrations[0m
  [4;36;1mSQL (0.4ms)[0m   [0;1mSET NAMES 'utf8'[0m
  [4;35;1mSQL (0.3ms)[0m   [0mSET SQL_AUTO_IS_NULL=0[0m


Processing Rails::InfoController#properties (for 127.0.0.1 at 2009-10-15 23:20:14) [GET]
  [4;36;1mSQL (1.2ms)[0m   [0;1mSHOW TABLES[0m
  [4;35;1mSQL (0.8ms)[0m   [0mSELECT version FROM schema_migrations[0m
Completed in 209ms (View: 37, DB: 3) | 200 OK [http://localhost/rails/info/properties]
  [4;36;1mSQL (173.3ms)[0m   [0;1mSET NAMES 'utf8'[0m
  [4;35;1mSQL (27.8ms)[0m   [0mSET SQL_AUTO_IS_NULL=0[0m


Processing Rails::InfoController#properties (for 127.0.0.1 at 2009-10-19 21:42:40) [GET]
  [4;36;1mSQL (149.0ms)[0m   [0;1mSHOW TABLES[0m
  [4;35;1mSQL (190.1ms)[0m   [0mSELECT version FROM schema_migrations[0m
Completed in 561ms (View: 29, DB: 540) | 200 OK [http://127.0.0.1/rails/info/properties]
  [4;36;1mSQL (0.4ms)[0m   [0;1mSET NAMES 'utf8'[0m
  [4;35;1mSQL (0.3ms)[0m   [0mSET SQL_AUTO_IS_NULL=0[0m
  [4;36;1mSQL (1.3ms)[0m   [0;1mSHOW TABLES[0m
  [4;35;1mSQL (0.9ms)[0m   [0mSELECT version FROM schema_migrations[0m
Migrating to CreateTeams (20091020030055)
  [4;36;1mSQL (120.6ms)[0m   [0;1mCREATE TABLE `teams` (`id` int(11) DEFAULT NULL auto_increment PRIMARY KEY, `name` varchar(255), `wins` int(11), `losses` int(11), `created_at` datetime, `updated_at` datetime) ENGINE=InnoDB[0m
  [4;35;1mSQL (37.3ms)[0m   [0mINSERT INTO schema_migrations (version) VALUES ('20091020030055')[0m
  [4;36;1mSQL (2.2ms)[0m   [0;1mSHOW TABLES[0m
  [4;35;1mSQL (0.8ms)[0m   [0mSELECT version FROM schema_migrations[0m
  [4;36;1mSQL (1.0ms)[0m   [0;1mSHOW TABLES[0m
  [4;35;1mSQL (29.2ms)[0m   [0mSHOW FIELDS FROM `teams`[0m
  [4;36;1mSQL (2.7ms)[0m   [0;1mdescribe `teams`[0m
  [4;35;1mSQL (1.2ms)[0m   [0mSHOW KEYS FROM `teams`[0m
  [4;36;1mSQL (0.9ms)[0m   [0;1mSET NAMES 'utf8'[0m
  [4;35;1mSQL (0.4ms)[0m   [0mSET SQL_AUTO_IS_NULL=0[0m


Processing Rails::InfoController#properties (for 127.0.0.1 at 2009-10-19 23:10:34) [GET]
  [4;36;1mSQL (1.2ms)[0m   [0;1mSHOW TABLES[0m
  [4;35;1mSQL (0.9ms)[0m   [0mSELECT version FROM schema_migrations[0m
Completed in 72ms (View: 8, DB: 3) | 200 OK [http://127.0.0.1/rails/info/properties]
  [4;36;1mSQL (11.4ms)[0m   [0;1mSET NAMES 'utf8'[0m
  [4;35;1mSQL (0.5ms)[0m   [0mSET SQL_AUTO_IS_NULL=0[0m


Processing TeamsController#index (for 127.0.0.1 at 2009-10-19 23:10:41) [GET]
  [4;36;1mTeam Load (1.0ms)[0m   [0;1mSELECT * FROM `teams` [0m
Rendering template within layouts/teams
Rendering teams/index
Completed in 322ms (View: 262, DB: 13) | 200 OK [http://127.0.0.1/teams]
  [4;35;1mSQL (37.1ms)[0m   [0mSET NAMES 'utf8'[0m
  [4;36;1mSQL (0.4ms)[0m   [0;1mSET SQL_AUTO_IS_NULL=0[0m


Processing TeamsController#new (for 127.0.0.1 at 2009-10-19 23:10:49) [GET]
  [4;35;1mTeam Columns (3.2ms)[0m   [0mSHOW FIELDS FROM `teams`[0m
Rendering template within layouts/teams
Rendering teams/new
Completed in 104ms (View: 73, DB: 41) | 200 OK [http://127.0.0.1/teams/new]
  [4;36;1mSQL (8.2ms)[0m   [0;1mSET NAMES 'utf8'[0m
  [4;35;1mSQL (0.3ms)[0m   [0mSET SQL_AUTO_IS_NULL=0[0m


Processing TeamsController#create (for 127.0.0.1 at 2009-10-19 23:11:02) [POST]
  Parameters: {"commit"=>"Create", "authenticity_token"=>"UuVPUFePkdWnmzh5A5W+vwkWqoW8U4d6JAnfqNBZy8w=", "team"=>{"name"=>"Yankees", "wins"=>"102", "losses"=>"7"}}
  [4;36;1mTeam Columns (3.5ms)[0m   [0;1mSHOW FIELDS FROM `teams`[0m
  [4;35;1mSQL (0.3ms)[0m   [0mBEGIN[0m
  [4;36;1mTeam Create (1.0ms)[0m   [0;1mINSERT INTO `teams` (`name`, `created_at`, `updated_at`, `wins`, `losses`) VALUES('Yankees', '2009-10-20 03:11:02', '2009-10-20 03:11:02', 102, 7)[0m
  [4;35;1mSQL (8.5ms)[0m   [0mCOMMIT[0m
Redirected to http://127.0.0.1:3000/teams/1
Completed in 78ms (DB: 22) | 302 Found [http://127.0.0.1/teams]
  [4;36;1mSQL (0.3ms)[0m   [0;1mSET NAMES 'utf8'[0m
  [4;35;1mSQL (0.3ms)[0m   [0mSET SQL_AUTO_IS_NULL=0[0m


Processing TeamsController#show (for 127.0.0.1 at 2009-10-19 23:11:02) [GET]
  Parameters: {"id"=>"1"}
  [4;36;1mTeam Columns (9.6ms)[0m   [0;1mSHOW FIELDS FROM `teams`[0m
  [4;35;1mTeam Load (46.5ms)[0m   [0mSELECT * FROM `teams` WHERE (`teams`.`id` = 1) [0m
Rendering template within layouts/teams
Rendering teams/show
Completed in 462ms (View: 378, DB: 57) | 200 OK [http://127.0.0.1/teams/1]
  [4;36;1mSQL (14.3ms)[0m   [0;1mSET NAMES 'utf8'[0m
  [4;35;1mSQL (0.3ms)[0m   [0mSET SQL_AUTO_IS_NULL=0[0m


Processing TeamsController#edit (for 127.0.0.1 at 2009-10-19 23:11:08) [GET]
  Parameters: {"id"=>"1"}
  [4;36;1mTeam Columns (2.9ms)[0m   [0;1mSHOW FIELDS FROM `teams`[0m
  [4;35;1mTeam Load (1.1ms)[0m   [0mSELECT * FROM `teams` WHERE (`teams`.`id` = 1) [0m
Rendering template within layouts/teams
Rendering teams/edit
Completed in 117ms (View: 82, DB: 19) | 200 OK [http://127.0.0.1/teams/1/edit]
  [4;36;1mSQL (0.3ms)[0m   [0;1mSET NAMES 'utf8'[0m
  [4;35;1mSQL (0.3ms)[0m   [0mSET SQL_AUTO_IS_NULL=0[0m


Processing TeamsController#update (for 127.0.0.1 at 2009-10-19 23:11:16) [PUT]
  Parameters: {"commit"=>"Update", "authenticity_token"=>"UuVPUFePkdWnmzh5A5W+vwkWqoW8U4d6JAnfqNBZy8w=", "id"=>"1", "team"=>{"name"=>"Yankees", "wins"=>"102", "losses"=>"70"}}
  [4;36;1mTeam Columns (2.9ms)[0m   [0;1mSHOW FIELDS FROM `teams`[0m
  [4;35;1mTeam Load (1.1ms)[0m   [0mSELECT * FROM `teams` WHERE (`teams`.`id` = 1) [0m
  [4;36;1mSQL (0.3ms)[0m   [0;1mBEGIN[0m
  [4;35;1mTeam Update (24.4ms)[0m   [0mUPDATE `teams` SET `updated_at` = '2009-10-20 03:11:16', `losses` = 70 WHERE `id` = 1[0m
  [4;36;1mSQL (11.3ms)[0m   [0;1mCOMMIT[0m
Redirected to http://127.0.0.1:3000/teams/1
Completed in 114ms (DB: 41) | 302 Found [http://127.0.0.1/teams/1]
  [4;35;1mSQL (0.2ms)[0m   [0mSET NAMES 'utf8'[0m
  [4;36;1mSQL (0.3ms)[0m   [0;1mSET SQL_AUTO_IS_NULL=0[0m


Processing TeamsController#show (for 127.0.0.1 at 2009-10-19 23:11:16) [GET]
  Parameters: {"id"=>"1"}
  [4;35;1mTeam Columns (3.1ms)[0m   [0mSHOW FIELDS FROM `teams`[0m
  [4;36;1mTeam Load (3.8ms)[0m   [0;1mSELECT * FROM `teams` WHERE (`teams`.`id` = 1) [0m
Rendering template within layouts/teams
Rendering teams/show
Completed in 64ms (View: 27, DB: 7) | 200 OK [http://127.0.0.1/teams/1]
  [4;35;1mSQL (37.9ms)[0m   [0mSET NAMES 'utf8'[0m
  [4;36;1mSQL (0.4ms)[0m   [0;1mSET SQL_AUTO_IS_NULL=0[0m


Processing TeamsController#index (for 127.0.0.1 at 2009-10-19 23:11:18) [GET]
  [4;35;1mTeam Load (0.9ms)[0m   [0mSELECT * FROM `teams` [0m
Rendering template within layouts/teams
Rendering teams/index
  [4;36;1mTeam Columns (2.8ms)[0m   [0;1mSHOW FIELDS FROM `teams`[0m
Completed in 92ms (View: 61, DB: 42) | 200 OK [http://127.0.0.1/teams]
